<?xml version="1.0" encoding="UTF-8"?>
<!-- Generated by org.testng.reporters.JUnitReportReporter -->
<testsuite hostname="DESKTOP-I4FDV2H" failures="0" tests="3" name="SecondProject.Task25072024" time="22.068" errors="0" timestamp="2024-07-27T21:28:03 EET" skipped="0">
  <testcase classname="SecondProject.Task25072024" name="login" time="1.263"/>
  <system-out/>
  <testcase classname="SecondProject.Task25072024" name="additems" time="10.321"/>
  <system-out/>
  <testcase classname="SecondProject.Task25072024" name="removeitems" time="10.484"/>
  <system-out/>
</testsuite> <!-- SecondProject.Task25072024 -->
