<?xml version="1.0" encoding="UTF-8"?>
<!-- Generated by org.testng.reporters.JUnitReportReporter -->
<testsuite hostname="DESKTOP-I4FDV2H" failures="0" tests="1" name="SecondProject.Task" time="10.271" errors="0" timestamp="2024-07-27T19:26:28 EET" skipped="0">
  <testcase classname="SecondProject.Task" name="ss" time="10.271"/>
  <system-out/>
</testsuite> <!-- SecondProject.Task -->
