<?xml version="1.0" encoding="UTF-8"?>
<!-- Generated by org.testng.reporters.JUnitReportReporter -->
<testsuite hostname="DESKTOP-I4FDV2H" failures="0" tests="2" name="SecondProject.SauceDemo" time="2.355" errors="0" timestamp="2024-07-27T20:43:36 EET" skipped="0">
  <testcase classname="SecondProject.SauceDemo" name="test" time="1.807"/>
  <system-out/>
  <testcase classname="SecondProject.SauceDemo" name="test2" time="0.548"/>
  <system-out/>
</testsuite> <!-- SecondProject.SauceDemo -->
